Nov 04, 2025 1:07:21 PM db.DBConnection <clinit>
SEVERE: ❌ Database connection failed
java.io.FileNotFoundException: config.properties (The system cannot find the file specified)
	at java.base/java.io.FileInputStream.open0(Native Method)
	at java.base/java.io.FileInputStream.open(FileInputStream.java:185)
	at java.base/java.io.FileInputStream.<init>(FileInputStream.java:139)
	at java.base/java.io.FileInputStream.<init>(FileInputStream.java:109)
	at db.DBConnection.<clinit>(DBConnection.java:16)
	at dao.UserDAO.registerUser(UserDAO.java:14)
	at service.ShoppingService.register(ShoppingService.java:24)
	at App.main(App.java:47)

Nov 04, 2025 1:09:41 PM db.DBConnection <clinit>
SEVERE: ❌ Database connection failed
java.io.FileNotFoundException: config.properties (The system cannot find the file specified)
	at java.base/java.io.FileInputStream.open0(Native Method)
	at java.base/java.io.FileInputStream.open(FileInputStream.java:185)
	at java.base/java.io.FileInputStream.<init>(FileInputStream.java:139)
	at java.base/java.io.FileInputStream.<init>(FileInputStream.java:109)
	at db.DBConnection.<clinit>(DBConnection.java:16)
	at dao.UserDAO.registerUser(UserDAO.java:14)
	at service.ShoppingService.register(ShoppingService.java:24)
	at App.main(App.java:47)

Nov 04, 2025 1:12:21 PM db.DBConnection <clinit>
INFO: ✅ Database connected successfully.
Nov 04, 2025 1:12:21 PM dao.UserDAO registerUser
INFO: ✅ User registered: eqr
Nov 04, 2025 1:12:22 PM dao.ProductDAO getAllProducts
INFO: ✅ Fetched 0 products.
Nov 04, 2025 1:27:40 PM db.DBConnection <clinit>
INFO: ✅ Database connected successfully.
Nov 04, 2025 1:27:40 PM dao.UserDAO registerUser
INFO: ✅ User registered: yash
Nov 04, 2025 1:27:40 PM dao.ProductDAO getAllProducts
INFO: ✅ Fetched 22 products.
Nov 04, 2025 1:27:57 PM service.ShoppingService addToCart
INFO: Added to cart: Laptop (x2)
Nov 04, 2025 1:29:02 PM service.ShoppingService addToCart
INFO: Added to cart: Laptop (x2)
Nov 04, 2025 1:29:18 PM dao.OrderDAO placeOrder
SEVERE: Error placing order
java.sql.SQLIntegrityConstraintViolationException: Cannot add or update a child row: a foreign key constraint fails (`shoppingdb`.`orders`, CONSTRAINT `orders_ibfk_1` FOREIGN KEY (`user_id`) REFERENCES `users` (`id`))
	at com.mysql.cj.jdbc.exceptions.SQLError.createSQLException(SQLError.java:109)
	at com.mysql.cj.jdbc.exceptions.SQLExceptionsMapping.translateException(SQLExceptionsMapping.java:114)
	at com.mysql.cj.jdbc.ClientPreparedStatement.executeInternal(ClientPreparedStatement.java:988)
	at com.mysql.cj.jdbc.ClientPreparedStatement.executeUpdateInternal(ClientPreparedStatement.java:1166)
	at com.mysql.cj.jdbc.ClientPreparedStatement.executeUpdateInternal(ClientPreparedStatement.java:1101)
	at com.mysql.cj.jdbc.ClientPreparedStatement.executeLargeUpdate(ClientPreparedStatement.java:1448)
	at com.mysql.cj.jdbc.ClientPreparedStatement.executeUpdate(ClientPreparedStatement.java:1084)
	at dao.OrderDAO.placeOrder(OrderDAO.java:22)
	at service.ShoppingService.checkout(ShoppingService.java:63)
	at App.main(App.java:93)

Nov 04, 2025 1:34:48 PM db.DBConnection <clinit>
INFO: ✅ Database connected successfully.
Nov 04, 2025 1:34:48 PM dao.UserDAO registerUser
INFO: ✅ User registered: vishal (ID: 6)
Nov 04, 2025 1:34:48 PM dao.ProductDAO getAllProducts
SEVERE: Error fetching products
java.sql.SQLNonTransientConnectionException: No operations allowed after connection closed.
	at com.mysql.cj.jdbc.exceptions.SQLError.createSQLException(SQLError.java:102)
	at com.mysql.cj.jdbc.exceptions.SQLError.createSQLException(SQLError.java:89)
	at com.mysql.cj.jdbc.exceptions.SQLError.createSQLException(SQLError.java:81)
	at com.mysql.cj.jdbc.exceptions.SQLError.createSQLException(SQLError.java:55)
	at com.mysql.cj.jdbc.exceptions.SQLError.createSQLException(SQLError.java:65)
	at com.mysql.cj.jdbc.exceptions.SQLExceptionsMapping.translateException(SQLExceptionsMapping.java:64)
	at com.mysql.cj.jdbc.ConnectionImpl.createStatement(ConnectionImpl.java:1092)
	at com.mysql.cj.jdbc.ConnectionImpl.createStatement(ConnectionImpl.java:1083)
	at dao.ProductDAO.getAllProducts(ProductDAO.java:69)
	at service.ShoppingService.viewAllProducts(ShoppingService.java:29)
	at App.main(App.java:56)
Caused by: com.mysql.cj.exceptions.ConnectionIsClosedException: No operations allowed after connection closed.
	at java.base/jdk.internal.reflect.DirectConstructorHandleAccessor.newInstance(DirectConstructorHandleAccessor.java:62)
	at java.base/java.lang.reflect.Constructor.newInstanceWithCaller(Constructor.java:499)
	at java.base/java.lang.reflect.Constructor.newInstance(Constructor.java:483)
	at com.mysql.cj.exceptions.ExceptionFactory.createException(ExceptionFactory.java:52)
	at com.mysql.cj.exceptions.ExceptionFactory.createException(ExceptionFactory.java:95)
	at com.mysql.cj.exceptions.ExceptionFactory.createException(ExceptionFactory.java:140)
	at com.mysql.cj.NativeSession.checkClosed(NativeSession.java:929)
	at com.mysql.cj.jdbc.ConnectionImpl.checkClosed(ConnectionImpl.java:558)
	at com.mysql.cj.jdbc.ConnectionImpl.createStatement(ConnectionImpl.java)
	... 4 more

Nov 04, 2025 1:36:36 PM db.DBConnection <clinit>
SEVERE: Error loading DB config
java.lang.RuntimeException: ❌ config.properties not found in classpath!
	at db.DBConnection.<clinit>(DBConnection.java:18)
	at dao.UserDAO.registerUser(UserDAO.java:15)
	at service.ShoppingService.register(ShoppingService.java:24)
	at App.main(App.java:47)

Nov 04, 2025 1:36:36 PM dao.UserDAO registerUser
SEVERE: ❌ Error registering user
java.sql.SQLException: The url cannot be null
	at java.sql/java.sql.DriverManager.getConnection(DriverManager.java:596)
	at java.sql/java.sql.DriverManager.getConnection(DriverManager.java:199)
	at db.DBConnection.getConnection(DBConnection.java:31)
	at dao.UserDAO.registerUser(UserDAO.java:15)
	at service.ShoppingService.register(ShoppingService.java:24)
	at App.main(App.java:47)

Nov 04, 2025 1:38:16 PM db.DBConnection getConnection
INFO: ✅ Database connected successfully.
Nov 04, 2025 1:38:16 PM dao.UserDAO registerUser
INFO: ✅ User registered:  jrkbfrw (ID: 7)
Nov 04, 2025 1:38:16 PM db.DBConnection getConnection
INFO: ✅ Database connected successfully.
Nov 04, 2025 1:38:16 PM dao.ProductDAO getAllProducts
INFO: ✅ Fetched 22 products.
Nov 04, 2025 1:38:32 PM service.ShoppingService addToCart
INFO: Added to cart: Mobile Phone (x2)
Nov 04, 2025 1:38:36 PM db.DBConnection getConnection
INFO: ✅ Database connected successfully.
Nov 04, 2025 1:38:36 PM db.DBConnection getConnection
INFO: ✅ Database connected successfully.
Nov 04, 2025 1:38:36 PM dao.OrderDAO placeOrder
SEVERE: Error placing order
java.sql.BatchUpdateException: Table 'shoppingdb.order_items' doesn't exist
	at com.mysql.cj.jdbc.exceptions.SQLError.createBatchUpdateException(SQLError.java:214)
	at com.mysql.cj.jdbc.ClientPreparedStatement.executeBatchSerially(ClientPreparedStatement.java:883)
	at com.mysql.cj.jdbc.ClientPreparedStatement.executeBatchInternal(ClientPreparedStatement.java:465)
	at com.mysql.cj.jdbc.StatementImpl.executeBatch(StatementImpl.java:858)
	at dao.OrderDAO.saveOrderItems(OrderDAO.java:50)
	at dao.OrderDAO.placeOrder(OrderDAO.java:28)
	at service.ShoppingService.checkout(ShoppingService.java:63)
	at App.main(App.java:93)
Caused by: java.sql.SQLSyntaxErrorException: Table 'shoppingdb.order_items' doesn't exist
	at com.mysql.cj.jdbc.exceptions.SQLError.createSQLException(SQLError.java:112)
	at com.mysql.cj.jdbc.exceptions.SQLExceptionsMapping.translateException(SQLExceptionsMapping.java:114)
	at com.mysql.cj.jdbc.ClientPreparedStatement.executeInternal(ClientPreparedStatement.java:988)
	at com.mysql.cj.jdbc.ClientPreparedStatement.executeUpdateInternal(ClientPreparedStatement.java:1166)
	at com.mysql.cj.jdbc.ClientPreparedStatement.executeBatchSerially(ClientPreparedStatement.java:862)
	... 6 more

Nov 04, 2025 1:41:20 PM db.DBConnection getConnection
INFO: ✅ Database connected successfully.
Nov 04, 2025 1:41:21 PM dao.UserDAO registerUser
INFO: ✅ User registered: fkjjier (ID: 8)
Nov 04, 2025 1:41:21 PM db.DBConnection getConnection
INFO: ✅ Database connected successfully.
Nov 04, 2025 1:41:21 PM dao.ProductDAO getAllProducts
INFO: ✅ Fetched 22 products.
Nov 04, 2025 1:41:45 PM db.DBConnection getConnection
INFO: ✅ Database connected successfully.
Nov 04, 2025 1:41:45 PM dao.UserDAO registerUser
INFO: ✅ User registered: bhdsbfrwhbf (ID: 9)
Nov 04, 2025 1:41:45 PM db.DBConnection getConnection
INFO: ✅ Database connected successfully.
Nov 04, 2025 1:41:45 PM dao.ProductDAO getAllProducts
INFO: ✅ Fetched 22 products.
Nov 04, 2025 1:41:51 PM service.ShoppingService addToCart
INFO: Added to cart: Mobile Phone (x2)
Nov 04, 2025 1:42:04 PM db.DBConnection getConnection
INFO: ✅ Database connected successfully.
Nov 04, 2025 1:42:04 PM db.DBConnection getConnection
INFO: ✅ Database connected successfully.
Nov 04, 2025 1:42:04 PM dao.OrderDAO placeOrder
SEVERE: Error placing order
java.sql.BatchUpdateException: Unknown column 'price' in 'field list'
	at com.mysql.cj.jdbc.exceptions.SQLError.createBatchUpdateException(SQLError.java:214)
	at com.mysql.cj.jdbc.ClientPreparedStatement.executeBatchSerially(ClientPreparedStatement.java:883)
	at com.mysql.cj.jdbc.ClientPreparedStatement.executeBatchInternal(ClientPreparedStatement.java:465)
	at com.mysql.cj.jdbc.StatementImpl.executeBatch(StatementImpl.java:858)
	at dao.OrderDAO.saveOrderItems(OrderDAO.java:50)
	at dao.OrderDAO.placeOrder(OrderDAO.java:28)
	at service.ShoppingService.checkout(ShoppingService.java:63)
	at App.main(App.java:93)
Caused by: java.sql.SQLSyntaxErrorException: Unknown column 'price' in 'field list'
	at com.mysql.cj.jdbc.exceptions.SQLError.createSQLException(SQLError.java:112)
	at com.mysql.cj.jdbc.exceptions.SQLExceptionsMapping.translateException(SQLExceptionsMapping.java:114)
	at com.mysql.cj.jdbc.ClientPreparedStatement.executeInternal(ClientPreparedStatement.java:988)
	at com.mysql.cj.jdbc.ClientPreparedStatement.executeUpdateInternal(ClientPreparedStatement.java:1166)
	at com.mysql.cj.jdbc.ClientPreparedStatement.executeBatchSerially(ClientPreparedStatement.java:862)
	... 6 more

Nov 04, 2025 1:47:59 PM db.DBConnection getConnection
INFO: ✅ Database connected successfully.
Nov 04, 2025 1:47:59 PM dao.UserDAO registerUser
INFO: ✅ User registered: fsnfkjfrwij (ID: 10)
Nov 04, 2025 1:48:00 PM db.DBConnection getConnection
INFO: ✅ Database connected successfully.
Nov 04, 2025 1:48:00 PM dao.ProductDAO getAllProducts
INFO: ✅ Fetched 22 products.
Nov 04, 2025 1:48:04 PM service.ShoppingService addToCart
INFO: Added to cart: Mobile Phone (x2)
Nov 04, 2025 1:48:06 PM db.DBConnection getConnection
INFO: ✅ Database connected successfully.
Nov 04, 2025 1:48:06 PM db.DBConnection getConnection
INFO: ✅ Database connected successfully.
Nov 04, 2025 1:48:06 PM dao.OrderDAO saveOrderItems
INFO: ✅ Order items saved for Order ID: 7
Nov 04, 2025 1:48:06 PM util.OrderXMLUtil saveOrderAsXML
INFO: ✅ Order saved as XML file: order_7.xml
Nov 04, 2025 1:48:06 PM dao.OrderDAO placeOrder
INFO: ✅ Order placed successfully (ID: 7)
Nov 04, 2025 1:48:06 PM service.ShoppingService checkout
INFO: Order placed for user: fsnfkjfrwij
Nov 04, 2025 1:48:33 PM db.DBConnection getConnection
INFO: ✅ Database connected successfully.
Nov 04, 2025 1:48:33 PM dao.UserDAO login
INFO: ✅ User login success: ankit
Nov 04, 2025 1:48:33 PM db.DBConnection getConnection
INFO: ✅ Database connected successfully.
Nov 04, 2025 1:48:33 PM dao.ProductDAO getAllProducts
INFO: ✅ Fetched 22 products.
Nov 04, 2025 1:48:52 PM service.ShoppingService addToCart
INFO: Added to cart: Laptop (x1)
Nov 04, 2025 1:59:18 PM db.DBConnection getConnection
INFO: ✅ Database connected successfully.
Nov 04, 2025 1:59:18 PM dao.UserDAO login
INFO:  User login success: ankit
Nov 04, 2025 1:59:18 PM db.DBConnection getConnection
INFO: ✅ Database connected successfully.
Nov 04, 2025 1:59:18 PM dao.ProductDAO getAllProducts
INFO:  Fetched 22 products.
Nov 04, 2025 1:59:23 PM service.ShoppingService addToCart
INFO: Added to cart: Ball Pen (x2)
Nov 04, 2025 1:59:26 PM db.DBConnection getConnection
INFO: ✅ Database connected successfully.
Nov 04, 2025 1:59:26 PM db.DBConnection getConnection
INFO: ✅ Database connected successfully.
Nov 04, 2025 1:59:26 PM dao.OrderDAO saveOrderItems
INFO: Order items saved for Order ID: 8
Nov 04, 2025 1:59:26 PM util.OrderXMLUtil saveOrderAsXML
INFO:  Order saved as XML file: order_8.xml
Nov 04, 2025 1:59:26 PM dao.OrderDAO placeOrder
INFO:  Order placed successfully (ID: 8)
Nov 04, 2025 1:59:26 PM service.ShoppingService checkout
INFO: Order placed for user: ankit
Nov 04, 2025 2:30:14 PM db.DBConnection getConnection
INFO: ✅ Database connected successfully.
Nov 04, 2025 2:30:14 PM dao.UserDAO registerUser
INFO:  User registered: iuy (ID: 11)
Nov 04, 2025 2:30:14 PM db.DBConnection getConnection
INFO: ✅ Database connected successfully.
Nov 04, 2025 2:30:14 PM dao.ProductDAO getAllProducts
INFO:  Fetched 22 products.
Nov 04, 2025 2:30:36 PM service.ShoppingService addToCart
INFO: Added to cart: Laptop (x1)
Nov 04, 2025 2:30:46 PM db.DBConnection getConnection
INFO: ✅ Database connected successfully.
Nov 04, 2025 2:30:46 PM db.DBConnection getConnection
INFO: ✅ Database connected successfully.
Nov 04, 2025 2:30:46 PM dao.OrderDAO saveOrderItems
INFO: Order items saved for Order ID: 9
Nov 04, 2025 2:30:46 PM util.OrderXMLUtil saveOrderAsXML
INFO:  Order saved as XML file: order_9.xml
Nov 04, 2025 2:30:46 PM dao.OrderDAO placeOrder
INFO:  Order placed successfully (ID: 9)
Nov 04, 2025 2:30:46 PM service.ShoppingService checkout
INFO: Order placed for user: iuy
Nov 04, 2025 2:33:34 PM db.DBConnection getConnection
INFO: ✅ Database connected successfully.
Nov 04, 2025 2:33:34 PM dao.UserDAO login
INFO:  User login success: ankit
Nov 04, 2025 2:33:34 PM db.DBConnection getConnection
INFO: ✅ Database connected successfully.
Nov 04, 2025 2:33:34 PM dao.ProductDAO getAllProducts
INFO:  Fetched 23 products.
